d:\projects\opencv\cs549_objectdetection\cs549_objectdetection\debug\vc120.pdb
d:\projects\opencv\cs549_objectdetection\cs549_objectdetection\debug\vc120.idb
d:\projects\opencv\cs549_objectdetection\cs549_objectdetection\debug\colorrecognition.obj
d:\projects\opencv\cs549_objectdetection\cs549_objectdetection\debug\imagedisplay.obj
d:\projects\opencv\cs549_objectdetection\cs549_objectdetection\debug\main.obj
d:\projects\opencv\cs549_objectdetection\cs549_objectdetection\debug\peopledetect.obj
d:\projects\opencv\cs549_objectdetection\cs549_objectdetection\debug\shape_multi.obj
d:\projects\opencv\cs549_objectdetection\cs549_objectdetection\debug\triangleimage.obj
d:\projects\opencv\cs549_objectdetection\cs549_objectdetection\debug\cam_color.obj
d:\projects\opencv\cs549_objectdetection\cs549_objectdetection\debug\svm_classify.obj
d:\projects\opencv\cs549_objectdetection\cs549_objectdetection\debug\svm_common.obj
d:\projects\opencv\cs549_objectdetection\cs549_objectdetection\debug\svm_hideo.obj
d:\projects\opencv\cs549_objectdetection\cs549_objectdetection\debug\svm_learn.obj
d:\projects\opencv\cs549_objectdetection\cs549_objectdetection\debug\global.obj
d:\projects\opencv\cs549_objectdetection\debug\cs549_objectdetection.pdb
d:\projects\opencv\cs549_objectdetection\cs549_objectdetection\debug\cs549_ob.0cedac80.tlog\cl.command.1.tlog
d:\projects\opencv\cs549_objectdetection\cs549_objectdetection\debug\cs549_ob.0cedac80.tlog\cl.read.1.tlog
d:\projects\opencv\cs549_objectdetection\cs549_objectdetection\debug\cs549_ob.0cedac80.tlog\cl.write.1.tlog
d:\projects\opencv\cs549_objectdetection\cs549_objectdetection\debug\cs549_ob.0cedac80.tlog\link-cvtres.read.1.tlog
d:\projects\opencv\cs549_objectdetection\cs549_objectdetection\debug\cs549_ob.0cedac80.tlog\link-cvtres.write.1.tlog
d:\projects\opencv\cs549_objectdetection\cs549_objectdetection\debug\cs549_ob.0cedac80.tlog\link-rc.read.1.tlog
d:\projects\opencv\cs549_objectdetection\cs549_objectdetection\debug\cs549_ob.0cedac80.tlog\link-rc.write.1.tlog
d:\projects\opencv\cs549_objectdetection\cs549_objectdetection\debug\cs549_ob.0cedac80.tlog\link.671808-cvtres.read.1.tlog
d:\projects\opencv\cs549_objectdetection\cs549_objectdetection\debug\cs549_ob.0cedac80.tlog\link.671808-cvtres.write.1.tlog
d:\projects\opencv\cs549_objectdetection\cs549_objectdetection\debug\cs549_ob.0cedac80.tlog\link.671808-rc.read.1.tlog
d:\projects\opencv\cs549_objectdetection\cs549_objectdetection\debug\cs549_ob.0cedac80.tlog\link.671808-rc.write.1.tlog
d:\projects\opencv\cs549_objectdetection\cs549_objectdetection\debug\cs549_ob.0cedac80.tlog\link.671808.read.1.tlog
d:\projects\opencv\cs549_objectdetection\cs549_objectdetection\debug\cs549_ob.0cedac80.tlog\link.671808.write.1.tlog
d:\projects\opencv\cs549_objectdetection\cs549_objectdetection\debug\cs549_ob.0cedac80.tlog\link.command.1.tlog
d:\projects\opencv\cs549_objectdetection\cs549_objectdetection\debug\cs549_ob.0cedac80.tlog\link.read.1.tlog
d:\projects\opencv\cs549_objectdetection\cs549_objectdetection\debug\cs549_ob.0cedac80.tlog\link.write.1.tlog
